#! /usr/local/Cellar/icarus-verilog/10.2/bin/vvp
:ivl_version "10.2 (stable)" "(v10_2)";
:ivl_delay_selection "TYPICAL";
:vpi_time_precision + 0;
:vpi_module "system";
:vpi_module "vhdl_sys";
:vpi_module "v2005_math";
:vpi_module "va_math";
S_0x7fe57f408550 .scope module, "test" "test" 2 20;
 .timescale 0 0;
v0x7fe57f60cd20_0 .var "a", 0 0;
v0x7fe57f60cde0_0 .var "b", 0 0;
v0x7fe57f60ce90_0 .net "o", 0 0, v0x7fe57f60cb70_0;  1 drivers
v0x7fe57f60cf60_0 .var "s", 0 0;
S_0x7fe57f4086b0 .scope module, "sel1" "sel" 2 22, 2 7 0, S_0x7fe57f408550;
 .timescale 0 0;
    .port_info 0 /INPUT 1 "ina"
    .port_info 1 /INPUT 1 "inb"
    .port_info 2 /INPUT 1 "sel"
    .port_info 3 /OUTPUT 1 "out"
v0x7fe57f4031f0_0 .net "ina", 0 0, v0x7fe57f60cd20_0;  1 drivers
v0x7fe57f60cac0_0 .net "inb", 0 0, v0x7fe57f60cde0_0;  1 drivers
v0x7fe57f60cb70_0 .var "out", 0 0;
v0x7fe57f60cc20_0 .net "sel", 0 0, v0x7fe57f60cf60_0;  1 drivers
E_0x7fe57f4042a0 .event edge, v0x7fe57f60cc20_0, v0x7fe57f60cac0_0, v0x7fe57f4031f0_0;
    .scope S_0x7fe57f4086b0;
T_0 ;
    %wait E_0x7fe57f4042a0;
    %load/vec4 v0x7fe57f60cc20_0;
    %flag_set/vec4 8;
    %jmp/0xz  T_0.0, 8;
    %load/vec4 v0x7fe57f60cac0_0;
    %store/vec4 v0x7fe57f60cb70_0, 0, 1;
    %jmp T_0.1;
T_0.0 ;
    %load/vec4 v0x7fe57f4031f0_0;
    %store/vec4 v0x7fe57f60cb70_0, 0, 1;
T_0.1 ;
    %jmp T_0;
    .thread T_0, $push;
    .scope S_0x7fe57f408550;
T_1 ;
    %vpi_call 2 24 "$monitor", "a = ", v0x7fe57f60cd20_0, ", b = ", v0x7fe57f60cde0_0, ", s = ", v0x7fe57f60cf60_0, ", o = ", v0x7fe57f60ce90_0 {0 0 0};
    %pushi/vec4 1, 0, 1;
    %store/vec4 v0x7fe57f60cd20_0, 0, 1;
    %pushi/vec4 0, 0, 1;
    %store/vec4 v0x7fe57f60cde0_0, 0, 1;
    %pushi/vec4 1, 0, 1;
    %store/vec4 v0x7fe57f60cf60_0, 0, 1;
    %vpi_call 2 29 "$dumpfile", "sel vcd" {0 0 0};
    %vpi_call 2 30 "$dumpvars", 32'sb00000000000000000000000000000000, S_0x7fe57f408550 {0 0 0};
    %delay 10, 0;
    %pushi/vec4 0, 0, 1;
    %store/vec4 v0x7fe57f60cf60_0, 0, 1;
    %delay 10, 0;
    %vpi_call 2 35 "$finish" {0 0 0};
    %end;
    .thread T_1;
# The file index is used to find the file name in the following table.
:file_names 3;
    "N/A";
    "<interactive>";
    "selector.v";
