#! /usr/local/Cellar/icarus-verilog/10.2/bin/vvp
:ivl_version "10.2 (stable)" "(v10_2)";
:ivl_delay_selection "TYPICAL";
:vpi_time_precision + 0;
:vpi_module "system";
:vpi_module "vhdl_sys";
:vpi_module "v2005_math";
:vpi_module "va_math";
S_0x7fc587c02da0 .scope module, "test" "test" 2 7;
 .timescale 0 0;
v0x7fc587c13270_0 .var "a", 0 0;
v0x7fc587c13310_0 .var "b", 0 0;
v0x7fc587c133c0_0 .net "o", 0 0, L_0x7fc587c13490;  1 drivers
S_0x7fc587c02f00 .scope module, "add" "adder" 2 9, 2 1 0, S_0x7fc587c02da0;
 .timescale 0 0;
    .port_info 0 /INPUT 1 "in0"
    .port_info 1 /INPUT 1 "in1"
    .port_info 2 /OUTPUT 1 "out"
v0x7fc587c030b0_0 .net "in0", 0 0, v0x7fc587c13270_0;  1 drivers
v0x7fc587c130d0_0 .net "in1", 0 0, v0x7fc587c13310_0;  1 drivers
v0x7fc587c13170_0 .net "out", 0 0, L_0x7fc587c13490;  alias, 1 drivers
L_0x7fc587c13490 .arith/sum 1, v0x7fc587c13270_0, v0x7fc587c13310_0;
    .scope S_0x7fc587c02da0;
T_0 ;
    %vpi_call 2 11 "$monitor", "a = ", v0x7fc587c13270_0, ", b = ", v0x7fc587c13310_0, ", o = ", v0x7fc587c133c0_0 {0 0 0};
    %pushi/vec4 0, 0, 1;
    %store/vec4 v0x7fc587c13270_0, 0, 1;
    %pushi/vec4 0, 0, 1;
    %store/vec4 v0x7fc587c13310_0, 0, 1;
    %vpi_call 2 15 "$dumpfile", "adder.vcd" {0 0 0};
    %vpi_call 2 16 "$dumpvars", 32'sb00000000000000000000000000000000, S_0x7fc587c02da0 {0 0 0};
    %delay 10, 0;
    %pushi/vec4 1, 0, 1;
    %store/vec4 v0x7fc587c13270_0, 0, 1;
    %pushi/vec4 0, 0, 1;
    %store/vec4 v0x7fc587c13310_0, 0, 1;
    %delay 10, 0;
    %pushi/vec4 0, 0, 1;
    %store/vec4 v0x7fc587c13270_0, 0, 1;
    %pushi/vec4 1, 0, 1;
    %store/vec4 v0x7fc587c13310_0, 0, 1;
    %delay 10, 0;
    %pushi/vec4 1, 0, 1;
    %store/vec4 v0x7fc587c13270_0, 0, 1;
    %pushi/vec4 1, 0, 1;
    %store/vec4 v0x7fc587c13310_0, 0, 1;
    %delay 10, 0;
    %vpi_call 2 28 "$finish" {0 0 0};
    %end;
    .thread T_0;
# The file index is used to find the file name in the following table.
:file_names 3;
    "N/A";
    "<interactive>";
    "adder.v";
