#! c:/iverilog-x64/bin/vvp
:ivl_version "10.1 (stable)" "(v10_1_1)";
:ivl_delay_selection "TYPICAL";
:vpi_time_precision + 0;
:vpi_module "system";
:vpi_module "vhdl_sys";
:vpi_module "v2005_math";
:vpi_module "va_math";
S_000000000101d050 .scope module, "test" "test" 2 25;
 .timescale 0 0;
v00000000027dfa10_0 .var "a", 0 0;
v00000000027dfab0_0 .var "b", 0 0;
v00000000027dfb50_0 .var "clk", 0 0;
v00000000027dfbf0_0 .var "rst", 0 0;
v00000000027dfc90_0 .net "state", 1 0, v00000000027df970_0;  1 drivers
S_000000000101d1d0 .scope module, "sm" "sm" 2 28, 2 1 0, S_000000000101d050;
 .timescale 0 0;
    .port_info 0 /INPUT 1 "a"
    .port_info 1 /INPUT 1 "b"
    .port_info 2 /OUTPUT 2 "state"
    .port_info 3 /INPUT 1 "clk"
    .port_info 4 /INPUT 1 "rst"
v000000000278db40_0 .net "a", 0 0, v00000000027dfa10_0;  1 drivers
v000000000101d350_0 .net "b", 0 0, v00000000027dfab0_0;  1 drivers
v00000000027df790_0 .net "clk", 0 0, v00000000027dfb50_0;  1 drivers
v00000000027df830_0 .var "nstate", 1 0;
v00000000027df8d0_0 .net "rst", 0 0, v00000000027dfbf0_0;  1 drivers
v00000000027df970_0 .var "state", 1 0;
E_000000000278a1d0 .event edge, v000000000278db40_0, v000000000101d350_0, v00000000027df970_0;
E_000000000278a610 .event posedge, v00000000027df8d0_0, v00000000027df790_0;
    .scope S_000000000101d1d0;
T_0 ;
    %wait E_000000000278a610;
    %load/vec4 v00000000027df8d0_0;
    %flag_set/vec4 8;
    %jmp/0xz  T_0.0, 8;
    %pushi/vec4 0, 0, 2;
    %assign/vec4 v00000000027df970_0, 0;
    %jmp T_0.1;
T_0.0 ;
    %load/vec4 v00000000027df830_0;
    %assign/vec4 v00000000027df970_0, 0;
T_0.1 ;
    %jmp T_0;
    .thread T_0;
    .scope S_000000000101d1d0;
T_1 ;
    %wait E_000000000278a1d0;
    %load/vec4 v000000000278db40_0;
    %load/vec4 v000000000101d350_0;
    %concat/vec4; draw_concat_vec4
    %cmpi/e 0, 0, 2;
    %flag_mov 8, 4;
    %load/vec4 v000000000278db40_0;
    %load/vec4 v000000000101d350_0;
    %concat/vec4; draw_concat_vec4
    %cmpi/e 0, 0, 2;
    %flag_or 4, 8;
    %jmp/0xz  T_1.0, 4;
    %load/vec4 v00000000027df970_0;
    %store/vec4 v00000000027df830_0, 0, 2;
    %jmp T_1.1;
T_1.0 ;
    %load/vec4 v00000000027df970_0;
    %dup/vec4;
    %pushi/vec4 0, 0, 2;
    %cmp/u;
    %jmp/1 T_1.2, 6;
    %dup/vec4;
    %pushi/vec4 1, 0, 2;
    %cmp/u;
    %jmp/1 T_1.3, 6;
    %dup/vec4;
    %pushi/vec4 3, 0, 2;
    %cmp/u;
    %jmp/1 T_1.4, 6;
    %jmp T_1.5;
T_1.2 ;
    %load/vec4 v000000000278db40_0;
    %flag_set/vec4 8;
    %jmp/0xz  T_1.6, 8;
    %pushi/vec4 1, 0, 2;
    %store/vec4 v00000000027df830_0, 0, 2;
T_1.6 ;
    %jmp T_1.5;
T_1.3 ;
    %load/vec4 v000000000278db40_0;
    %flag_set/vec4 8;
    %jmp/0xz  T_1.8, 8;
    %pushi/vec4 3, 0, 2;
    %store/vec4 v00000000027df830_0, 0, 2;
T_1.8 ;
    %load/vec4 v000000000101d350_0;
    %flag_set/vec4 8;
    %jmp/0xz  T_1.10, 8;
    %pushi/vec4 0, 0, 2;
    %store/vec4 v00000000027df830_0, 0, 2;
T_1.10 ;
    %jmp T_1.5;
T_1.4 ;
    %load/vec4 v000000000101d350_0;
    %flag_set/vec4 8;
    %jmp/0xz  T_1.12, 8;
    %pushi/vec4 1, 0, 2;
    %store/vec4 v00000000027df830_0, 0, 2;
T_1.12 ;
    %jmp T_1.5;
T_1.5 ;
    %pop/vec4 1;
T_1.1 ;
    %jmp T_1;
    .thread T_1, $push;
    .scope S_000000000101d050;
T_2 ;
    %delay 5, 0;
    %load/vec4 v00000000027dfb50_0;
    %inv;
    %store/vec4 v00000000027dfb50_0, 0, 1;
    %jmp T_2;
    .thread T_2;
    .scope S_000000000101d050;
T_3 ;
    %vpi_call 2 31 "$dumpfile", "sm.vcd" {0 0 0};
    %vpi_call 2 32 "$dumpvars", 32'sb00000000000000000000000000000000, S_000000000101d050 {0 0 0};
    %pushi/vec4 1, 0, 1;
    %store/vec4 v00000000027dfbf0_0, 0, 1;
    %pushi/vec4 0, 0, 1;
    %store/vec4 v00000000027dfb50_0, 0, 1;
    %pushi/vec4 0, 0, 1;
    %store/vec4 v00000000027dfa10_0, 0, 1;
    %pushi/vec4 0, 0, 1;
    %store/vec4 v00000000027dfab0_0, 0, 1;
    %delay 20, 0;
    %pushi/vec4 0, 0, 1;
    %store/vec4 v00000000027dfbf0_0, 0, 1;
    %delay 20, 0;
    %pushi/vec4 1, 0, 1;
    %store/vec4 v00000000027dfa10_0, 0, 1;
    %delay 10, 0;
    %pushi/vec4 0, 0, 1;
    %store/vec4 v00000000027dfa10_0, 0, 1;
    %delay 10, 0;
    %pushi/vec4 1, 0, 1;
    %store/vec4 v00000000027dfa10_0, 0, 1;
    %delay 20, 0;
    %pushi/vec4 0, 0, 1;
    %store/vec4 v00000000027dfa10_0, 0, 1;
    %pushi/vec4 1, 0, 1;
    %store/vec4 v00000000027dfab0_0, 0, 1;
    %delay 30, 0;
    %vpi_call 2 49 "$finish" {0 0 0};
    %end;
    .thread T_3;
# The file index is used to find the file name in the following table.
:file_names 3;
    "N/A";
    "<interactive>";
    "sm.v";
